<?xml version="1.0" encoding="UTF-8" ?>
<testsuites id="2026-07-29" name="report_1" tests="17" failures="0" skipped="0" flaky="0" time="0.000">
	<testsuite id="0" name="GodotTests" package="addons/EnumToIcon/EnumToStringDatabase/tests" timestamp="2026-07-29T20:39:38" hostname="localhost" tests="17" failures="0" errors="0" skipped="0" flaky="0" time="0.533">
		<testcase name="Test" classname="Main.addons.EnumToIcon.EnumToStringDatabase.tests.GodotTests" time="0.005">
		</testcase>
		<testcase name="CreateTestDirWorks" classname="Main.addons.EnumToIcon.EnumToStringDatabase.tests.GodotTests" time="0.003">
		</testcase>
		<testcase name="PutData" classname="Main.addons.EnumToIcon.EnumToStringDatabase.tests.GodotTests" time="0.027">
		</testcase>
		<testcase name="RequestData" classname="Main.addons.EnumToIcon.EnumToStringDatabase.tests.GodotTests" time="0.035">
		</testcase>
		<testcase name="RequestDataCacheMiss" classname="Main.addons.EnumToIcon.EnumToStringDatabase.tests.GodotTests" time="0.028">
		</testcase>
		<testcase name="RequestDataDoesNotExist" classname="Main.addons.EnumToIcon.EnumToStringDatabase.tests.GodotTests" time="0.006">
		</testcase>
		<testcase name="RequestDataNegCopy" classname="Main.addons.EnumToIcon.EnumToStringDatabase.tests.GodotTests" time="0.001">
		</testcase>
		<testcase name="RequestDataWildcard" classname="Main.addons.EnumToIcon.EnumToStringDatabase.tests.GodotTests" time="0.023">
		</testcase>
		<testcase name="RequestDataWildcardAlternatives" classname="Main.addons.EnumToIcon.EnumToStringDatabase.tests.GodotTests" time="0.035">
		</testcase>
		<testcase name="CheckData" classname="Main.addons.EnumToIcon.EnumToStringDatabase.tests.GodotTests" time="0.045">
		</testcase>
		<testcase name="RequestBatchData" classname="Main.addons.EnumToIcon.EnumToStringDatabase.tests.GodotTests" time="0.044">
		</testcase>
		<testcase name="RequestBatchDataCopy" classname="Main.addons.EnumToIcon.EnumToStringDatabase.tests.GodotTests" time="0.043">
		</testcase>
		<testcase name="DirNoChangesMade" classname="Main.addons.EnumToIcon.EnumToStringDatabase.tests.GodotTests" time="0.017">
		</testcase>
		<testcase name="InitFromDir" classname="Main.addons.EnumToIcon.EnumToStringDatabase.tests.GodotTests" time="0.043">
		</testcase>
		<testcase name="InitFromDirDuplicateValues" classname="Main.addons.EnumToIcon.EnumToStringDatabase.tests.GodotTests" time="0.040">
		</testcase>
		<testcase name="InitFromDirExcludeTokens" classname="Main.addons.EnumToIcon.EnumToStringDatabase.tests.GodotTests" time="0.037">
		</testcase>
		<testcase name="TestFromInit" classname="Main.addons.EnumToIcon.EnumToStringDatabase.tests.GodotTests" time="0.047">
		</testcase>
	</testsuite>
</testsuites>
